{:generation 4,
 :pop
 [{:seeds [-803715203 -111727936 1066949307 1658345027 -75803835],
   :id :p307-368-491-251-0,
   :stdev 0.005}
  {:seeds [-252838949 1666871400 1954652951 1075788579 1871732833],
   :id :p291-431-499-136-1,
   :stdev 0.005}
  {:seeds [-803715203 -111727936 1066949307 -79247055 -445996108],
   :id :p307-368-491-184-2,
   :stdev 0.005}
  {:seeds [-803715203 -111727936 1066949307 1978489273 -652883405],
   :id :p307-368-491-111-3,
   :stdev 0.005}
  {:seeds [-803715203 -111727936 1066949307 -744877564 -493329492],
   :id :p307-368-491-6-4,
   :stdev 0.005}
  {:seeds [-803715203 -111727936 1066949307 -1755663196 45727273],
   :id :p307-368-491-202-5,
   :stdev 0.005}
  {:seeds [-803715203 -111727936 1066949307 985914124 1183221271],
   :id :p307-368-491-124-6,
   :stdev 0.005}
  {:seeds [-803715203 -111727936 1066949307 329380999 434151458],
   :id :p307-368-491-489-7,
   :stdev 0.005}
  {:seeds [-803715203 -111727936 1066949307 -359459816 -1149290474],
   :id :p307-368-491-308-8,
   :stdev 0.005}
  {:seeds [-803715203 -111727936 1066949307 206330730 569225582],
   :id :p307-368-491-400-9,
   :stdev 0.005}
  {:seeds [-803715203 -111727936 1066949307 -340590377 2126528111],
   :id :p307-368-491-461-10,
   :stdev 0.005}
  {:seeds [-803715203 -111727936 1066949307 -1868315531 1035150077],
   :id :p307-368-491-387-11,
   :stdev 0.005}
  {:seeds [-252838949 1666871400 -408620510 1460067356 -1067028348],
   :id :p291-431-297-306-12,
   :stdev 0.005}
  {:seeds [-803715203 -111727936 1066949307 324690023 -873790404],
   :id :p307-368-491-38-13,
   :stdev 0.005}
  {:seeds [-803715203 -111727936 1066949307 2067907000 950861263],
   :id :p307-368-491-154-14,
   :stdev 0.005}
  {:seeds [-803715203 -111727936 1066949307 906598139 366091646],
   :id :p307-368-491-174-15,
   :stdev 0.005}
  {:seeds [-803715203 -111727936 1066949307 1817509741 -472680210],
   :id :p307-368-491-218-16,
   :stdev 0.005}
  {:seeds [-803715203 -111727936 1066949307 144881177 381654517],
   :id :p307-368-491-171-17,
   :stdev 0.005}
  {:seeds [-252838949 1666871400 1954652951 -1436307738 1820539852],
   :id :p291-431-499-150-18,
   :stdev 0.005}
  {:seeds [-803715203 -111727936 1066949307 -666067352 -599811976],
   :id :p307-368-491-95-19,
   :stdev 0.005}
  {:seeds [-803715203 -111727936 -1376257110 -1656669455 -649418137],
   :id :p307-368-420-71-20,
   :stdev 0.005}
  {:seeds [-803715203 -111727936 1066949307 -1404490266 -440610900],
   :id :p307-368-491-325-21,
   :stdev 0.005}
  {:seeds [-803715203 -111727936 1066949307 -831755927 -1893484993],
   :id :p307-368-491-454-22,
   :stdev 0.005}
  {:seeds [-803715203 -111727936 1066949307 -336619767 285858127],
   :id :p307-368-491-403-23,
   :stdev 0.005}
  {:seeds [-252838949 1666871400 -832359100 -8065594 1937627773],
   :id :p291-431-410-411-24,
   :stdev 0.005}
  {:seeds [-803715203 -111727936 -1376257110 46812631 -1068594765],
   :id :p307-368-420-227-25,
   :stdev 0.005}
  {:seeds [-803715203 -111727936 1066949307 -739124459 441198921],
   :id :p307-368-491-459-26,
   :stdev 0.005}
  {:seeds [-252838949 1666871400 -983893570 1381511397 619140010],
   :id :p291-431-75-34-27,
   :stdev 0.005}
  {:seeds [-252838949 1666871400 1954652951 1075788579 1305083109],
   :id :p291-431-499-136-28,
   :stdev 0.005}
  {:seeds [-803715203 -111727936 1066949307 -1901056933 383923826],
   :id :p307-368-491-161-29,
   :stdev 0.005}
  {:seeds [-252838949 1666871400 1954652951 308943387 -420543594],
   :id :p291-431-499-79-30,
   :stdev 0.005}
  {:seeds [-252838949 1666871400 -983893570 -342828741 -483163546],
   :id :p291-431-75-204-31,
   :stdev 0.005}
  {:seeds [-803715203 -111727936 1066949307 -1219013392 -1329939624],
   :id :p307-368-491-388-32,
   :stdev 0.005}
  {:seeds [-252838949 1666871400 -832359100 -1614762822 -2020252038],
   :id :p291-431-410-5-33,
   :stdev 0.005}
  {:seeds [-803715203 -111727936 1066949307 890202196 1352375014],
   :id :p307-368-491-353-34,
   :stdev 0.005}
  {:seeds [-803715203 -111727936 1066949307 835548646 103537613],
   :id :p307-368-491-250-35,
   :stdev 0.005}
  {:seeds [-803715203 -111727936 1066949307 1777552560 -1420482633],
   :id :p307-368-491-266-36,
   :stdev 0.005}
  {:seeds [-252838949 1666871400 1954652951 -1663551502 809499097],
   :id :p291-431-499-302-37,
   :stdev 0.005}
  {:seeds [-803715203 -111727936 1066949307 -1675890445 -1651071799],
   :id :p307-368-491-397-38,
   :stdev 0.005}
  {:seeds [-803715203 -111727936 -1376257110 -2125696739 -762620665],
   :id :p307-368-420-129-39,
   :stdev 0.005}
  {:seeds [-803715203 -111727936 1066949307 -255683574 -749147019],
   :id :p307-368-491-67-40,
   :stdev 0.005}
  {:seeds [-803715203 -111727936 1066949307 324690023 1876923055],
   :id :p307-368-491-38-41,
   :stdev 0.005}
  {:seeds [-252838949 1666871400 -832359100 587774691 -621086807],
   :id :p291-431-410-422-42,
   :stdev 0.005}
  {:seeds [-252838949 1666871400 -983893570 1880078070 -1500108592],
   :id :p291-431-75-94-43,
   :stdev 0.005}
  {:seeds [-803715203 -111727936 1066949307 1072081853 129605429],
   :id :p307-368-491-159-44,
   :stdev 0.005}
  {:seeds [-803715203 -111727936 1066949307 -1098575304 464461057],
   :id :p307-368-491-91-45,
   :stdev 0.005}
  {:seeds [-252838949 1666871400 -983893570 886960852 -1422469107],
   :id :p291-431-75-162-46,
   :stdev 0.005}
  {:seeds [-252838949 1666871400 -832359100 188598547 -1416702613],
   :id :p291-431-410-417-47,
   :stdev 0.005}
  {:seeds [-252838949 1666871400 -983893570 1880078070 -796386895],
   :id :p291-431-75-94-48,
   :stdev 0.005}
  {:seeds [-803715203 -111727936 1066949307 1990269615 -1517387828],
   :id :p307-368-491-294-49,
   :stdev 0.005}
  {:seeds [-252838949 1666871400 -408620510 306795974 1606047259],
   :id :p291-431-297-281-50,
   :stdev 0.005}
  {:seeds [-803715203 -111727936 1066949307 -1205287158 447251925],
   :id :p307-368-491-209-51,
   :stdev 0.005}
  {:seeds [-803715203 -111727936 1066949307 1120721737 -1734476578],
   :id :p307-368-491-481-52,
   :stdev 0.005}
  {:seeds [-803715203 -111727936 1066949307 16813832 -552875171],
   :id :p307-368-491-61-53,
   :stdev 0.005}
  {:seeds [-252838949 1666871400 -408620510 1460067356 -789610657],
   :id :p291-431-297-306-54,
   :stdev 0.005}
  {:seeds [-252838949 1666871400 -983893570 -207543027 119167550],
   :id :p291-431-75-336-55,
   :stdev 0.005}
  {:seeds [-803715203 -111727936 -1376257110 -1240755681 1843118669],
   :id :p307-368-420-21-56,
   :stdev 0.005}
  {:seeds [-803715203 -111727936 1066949307 890202196 1470134495],
   :id :p307-368-491-353-57,
   :stdev 0.005}
  {:seeds [-803715203 -111727936 1066949307 635578293 2044553418],
   :id :p307-368-491-172-58,
   :stdev 0.005}
  {:seeds [-803715203 -111727936 1066949307 -359459816 1362772916],
   :id :p307-368-491-308-59,
   :stdev 0.005}
  {:seeds [-803715203 -111727936 1066949307 -1454464489 1189871572],
   :id :p307-368-491-231-60,
   :stdev 0.005}
  {:seeds [-252838949 1666871400 -832359100 680877905 315264821],
   :id :p291-431-410-24-61,
   :stdev 0.005}
  {:seeds [-803715203 -111727936 1066949307 1777493820 1667454204],
   :id :p307-368-491-369-62,
   :stdev 0.005}
  {:seeds [-252838949 1666871400 -832359100 1529202287 834496289],
   :id :p291-431-410-286-63,
   :stdev 0.005}
  {:seeds [-803715203 -111727936 1066949307 -2137944411 -142294675],
   :id :p307-368-491-200-64,
   :stdev 0.005}
  {:seeds [-252838949 1666871400 -983893570 1028868505 -724385526],
   :id :p291-431-75-236-65,
   :stdev 0.005}
  {:seeds [-803715203 -111727936 1066949307 920474362 -435586363],
   :id :p307-368-491-311-66,
   :stdev 0.005}
  {:seeds [-803715203 -111727936 1066949307 532426440 -878232713],
   :id :p307-368-491-219-67,
   :stdev 0.005}
  {:seeds [-803715203 -111727936 1066949307 329380999 407510365],
   :id :p307-368-491-489-68,
   :stdev 0.005}
  {:seeds [-803715203 -111727936 1066949307 1184799870 948820005],
   :id :p307-368-491-298-69,
   :stdev 0.005}
  {:seeds [-803715203 -111727936 -1376257110 -864267209 2100899817],
   :id :p307-368-420-439-70,
   :stdev 0.005}
  {:seeds [-803715203 -111727936 1066949307 -952394387 -162539735],
   :id :p307-368-491-366-71,
   :stdev 0.005}
  {:seeds [-803715203 -111727936 1066949307 1392810196 -1274845544],
   :id :p307-368-491-395-72,
   :stdev 0.005}
  {:seeds [-803715203 -111727936 1066949307 -666067352 1719206401],
   :id :p307-368-491-95-73,
   :stdev 0.005}
  {:seeds [-252838949 1666871400 1954652951 -842028457 461798435],
   :id :p291-431-499-175-74,
   :stdev 0.005}
  {:seeds [-803715203 -111727936 1066949307 -1289777759 981278940],
   :id :p307-368-491-307-75,
   :stdev 0.005}
  {:seeds [-803715203 -111727936 1066949307 1978489273 -1425628829],
   :id :p307-368-491-111-76,
   :stdev 0.005}
  {:seeds [-252838949 1666871400 -832359100 452942999 -1284124260],
   :id :p291-431-410-176-77,
   :stdev 0.005}
  {:seeds [-803715203 -111727936 -1376257110 1452314033 835803244],
   :id :p307-368-420-134-78,
   :stdev 0.005}
  {:seeds [-803715203 -111727936 1066949307 1767983444 85055326],
   :id :p307-368-491-37-79,
   :stdev 0.005}
  {:seeds [-252838949 1666871400 -408620510 100590030 1976835643],
   :id :p291-431-297-165-80,
   :stdev 0.005}
  {:seeds [-803715203 -111727936 1066949307 -1804801915 -865858929],
   :id :p307-368-491-92-81,
   :stdev 0.005}
  {:seeds [-803715203 -111727936 1066949307 -766480831 -89842052],
   :id :p307-368-491-14-82,
   :stdev 0.005}
  {:seeds [-803715203 -111727936 1066949307 -132737050 -1030708009],
   :id :p307-368-491-404-83,
   :stdev 0.005}
  {:seeds [-803715203 -111727936 1066949307 835548646 1796628213],
   :id :p307-368-491-250-84,
   :stdev 0.005}
  {:seeds [-803715203 -111727936 1066949307 -1301651514 -517699234],
   :id :p307-368-491-436-85,
   :stdev 0.005}
  {:seeds [-803715203 -111727936 1066949307 490776228 1822485648],
   :id :p307-368-491-494-86,
   :stdev 0.005}
  {:seeds [-252838949 1666871400 -983893570 -342828741 -807358147],
   :id :p291-431-75-204-87,
   :stdev 0.005}
  {:seeds [-803715203 -111727936 1066949307 -1404490266 2044242470],
   :id :p307-368-491-325-88,
   :stdev 0.005}
  {:seeds [-252838949 1666871400 -408620510 -1979909496 -1905140463],
   :id :p291-431-297-374-89,
   :stdev 0.005}
  {:seeds [-803715203 -111727936 -1376257110 -1656669455 1377567086],
   :id :p307-368-420-71-90,
   :stdev 0.005}
  {:seeds [-803715203 -111727936 1066949307 -386152761 -2119931891],
   :id :p307-368-491-360-91,
   :stdev 0.005}
  {:seeds [-252838949 1666871400 -832359100 -1826102124 -1727467324],
   :id :p291-431-410-450-92,
   :stdev 0.005}
  {:seeds [-803715203 -111727936 -1376257110 -132646797 -139434493],
   :id :p307-368-420-55-93,
   :stdev 0.005}
  {:seeds [-803715203 -111727936 1066949307 1777493820 -2048568154],
   :id :p307-368-491-369-94,
   :stdev 0.005}
  {:seeds [-803715203 -111727936 -1376257110 -558835307 2068473143],
   :id :p307-368-420-327-95,
   :stdev 0.005}
  {:seeds [-803715203 -111727936 1066949307 -928200533 394258957],
   :id :p307-368-491-364-96,
   :stdev 0.005}
  {:seeds [-803715203 -111727936 1066949307 270388887 -1851716103],
   :id :p307-368-491-447-97,
   :stdev 0.005}
  {:seeds [-803715203 -111727936 1066949307 1430461112 -584192231],
   :id :p307-368-491-25-98,
   :stdev 0.005}
  {:seeds [-803715203 -111727936 1066949307 920474362 -452215463],
   :id :p307-368-491-311-99,
   :stdev 0.005}
  {:seeds [-803715203 -111727936 1066949307 162766692 -1240168025],
   :id :p307-368-491-106-100,
   :stdev 0.005}
  {:seeds [-252838949 1666871400 -983893570 -1450802593 -637604490],
   :id :p291-431-75-285-101,
   :stdev 0.005}
  {:seeds [-252838949 1666871400 -983893570 -603704015 966903743],
   :id :p291-431-75-147-102,
   :stdev 0.005}
  {:seeds [-252838949 1666871400 -832359100 1087816716 -209054416],
   :id :p291-431-410-137-103,
   :stdev 0.005}
  {:seeds [-803715203 -111727936 1066949307 270388887 -1511115768],
   :id :p307-368-491-447-104,
   :stdev 0.005}
  {:seeds [-803715203 -111727936 1066949307 -1680829001 2143384140],
   :id :p307-368-491-340-105,
   :stdev 0.005}
  {:seeds [-803715203 -111727936 1066949307 -862921812 78325924],
   :id :p307-368-491-222-106,
   :stdev 0.005}
  {:seeds [-252838949 1666871400 -832359100 1275990859 -2014102454],
   :id :p291-431-410-245-107,
   :stdev 0.005}
  {:seeds [-252838949 1666871400 -832359100 1105481363 1788564759],
   :id :p291-431-410-276-108,
   :stdev 0.005}
  {:seeds [-252838949 1666871400 -832359100 1526792562 155310966],
   :id :p291-431-410-322-109,
   :stdev 0.005}
  {:seeds [-252838949 1666871400 -983893570 609885393 -1709645774],
   :id :p291-431-75-191-110,
   :stdev 0.005}
  {:seeds [-803715203 -111727936 1066949307 1606234302 1270300416],
   :id :p307-368-491-56-111,
   :stdev 0.005}
  {:seeds [-252838949 1666871400 -832359100 1172174764 1604861203],
   :id :p291-431-410-402-112,
   :stdev 0.005}
  {:seeds [-252838949 1666871400 -408620510 1684970007 -1709433307],
   :id :p291-431-297-180-113,
   :stdev 0.005}
  {:seeds [-803715203 -111727936 -1376257110 1673707154 488620726],
   :id :p307-368-420-333-114,
   :stdev 0.005}
  {:seeds [-803715203 -111727936 1066949307 1430461112 -1707531357],
   :id :p307-368-491-25-115,
   :stdev 0.005}
  {:seeds [-252838949 1666871400 -408620510 -1977411460 -2033424460],
   :id :p291-431-297-427-116,
   :stdev 0.005}
  {:seeds [-803715203 -111727936 1066949307 339877876 932218904],
   :id :p307-368-491-477-117,
   :stdev 0.005}
  {:seeds [-252838949 1666871400 -983893570 -1528644522 -885768164],
   :id :p291-431-75-365-118,
   :stdev 0.005}
  {:seeds [-252838949 1666871400 -832359100 1413950035 1286719221],
   :id :p291-431-410-361-119,
   :stdev 0.005}
  {:seeds [-803715203 -111727936 1066949307 -1755663196 -58551921],
   :id :p307-368-491-202-120,
   :stdev 0.005}
  {:seeds [-803715203 -111727936 -1376257110 -1175901134 -2136165584],
   :id :p307-368-420-408-121,
   :stdev 0.005}
  {:seeds [-803715203 -111727936 1066949307 270388887 348197373],
   :id :p307-368-491-447-122,
   :stdev 0.005}
  {:seeds [-803715203 -111727936 1066949307 -1454464489 1140820955],
   :id :p307-368-491-231-123,
   :stdev 0.005}
  {:seeds [-252838949 1666871400 -408620510 -1229586857 1329741758],
   :id :p291-431-297-15-124,
   :stdev 0.005}
  {:seeds [-803715203 -111727936 1066949307 -1280343292 -992502205],
   :id :p307-368-491-419-125,
   :stdev 0.005}
  {:seeds [-803715203 -111727936 -1376257110 1750731785 -796113445],
   :id :p307-368-420-385-126,
   :stdev 0.005}
  {:seeds [-252838949 1666871400 -983893570 -792069371 -2137730481],
   :id :p291-431-75-460-127,
   :stdev 0.005}
  {:seeds [-803715203 -111727936 1066949307 -1792434994 802659775],
   :id :p307-368-491-185-128,
   :stdev 0.005}
  {:seeds [-803715203 -111727936 -1376257110 570654222 1355153199],
   :id :p307-368-420-375-129,
   :stdev 0.005}
  {:seeds [-803715203 -111727936 1066949307 -205568838 -2081675350],
   :id :p307-368-491-247-130,
   :stdev 0.005}
  {:seeds [-252838949 1666871400 -832359100 -1614762822 358771099],
   :id :p291-431-410-5-131,
   :stdev 0.005}
  {:seeds [-252838949 1666871400 1954652951 1833232898 -507456100],
   :id :p291-431-499-144-132,
   :stdev 0.005}
  {:seeds [-803715203 -111727936 1066949307 867756187 -1667685838],
   :id :p307-368-491-401-133,
   :stdev 0.005}
  {:seeds [-252838949 1666871400 -983893570 100268724 2080493714],
   :id :p291-431-75-410-134,
   :stdev 0.005}
  {:seeds [-803715203 -111727936 1066949307 1430461112 381317571],
   :id :p307-368-491-25-135,
   :stdev 0.005}
  {:seeds [-252838949 1666871400 -408620510 -1229586857 927352396],
   :id :p291-431-297-15-136,
   :stdev 0.005}
  {:seeds [-252838949 1666871400 -983893570 -1450802593 1060891257],
   :id :p291-431-75-285-137,
   :stdev 0.005}
  {:seeds [-803715203 -111727936 1066949307 -1905163947 -616079885],
   :id :p307-368-491-205-138,
   :stdev 0.005}
  {:seeds [-803715203 -111727936 1066949307 -2035815486 1425760322],
   :id :p307-368-491-324-139,
   :stdev 0.005}
  {:seeds [-803715203 -111727936 1066949307 383237490 544554073],
   :id :p307-368-491-269-140,
   :stdev 0.005}
  {:seeds [-803715203 -111727936 1066949307 270388887 -2143893514],
   :id :p307-368-491-447-141,
   :stdev 0.005}
  {:seeds [-252838949 1666871400 -983893570 1943353727 -1759767383],
   :id :p291-431-75-62-142,
   :stdev 0.005}
  {:seeds [-803715203 -111727936 1066949307 704300292 -1281745927],
   :id :p307-368-491-389-143,
   :stdev 0.005}
  {:seeds [-803715203 -111727936 1066949307 -1688341006 746262722],
   :id :p307-368-491-226-144,
   :stdev 0.005}
  {:seeds [-803715203 -111727936 1066949307 930533264 2070722166],
   :id :p307-368-491-98-145,
   :stdev 0.005}
  {:seeds [-803715203 -111727936 1066949307 269987071 -86444912],
   :id :p307-368-491-110-146,
   :stdev 0.005}
  {:seeds [-803715203 -111727936 1066949307 1989405323 -350395292],
   :id :p307-368-491-40-147,
   :stdev 0.005}
  {:seeds [-803715203 -111727936 1066949307 -1331835687 1012453922],
   :id :p307-368-491-248-148,
   :stdev 0.005}
  {:seeds [-803715203 -111727936 -1376257110 46812631 -960456206],
   :id :p307-368-420-227-149,
   :stdev 0.005}
  {:seeds [-252838949 1666871400 -983893570 -515614259 -1248034742],
   :id :p291-431-75-432-150,
   :stdev 0.005}
  {:seeds [-252838949 1666871400 -408620510 791432809 -1626605554],
   :id :p291-431-297-277-151,
   :stdev 0.005}
  {:seeds [-803715203 -111727936 1066949307 1322789744 -624567279],
   :id :p307-368-491-74-152,
   :stdev 0.005}
  {:seeds [-803715203 -111727936 1066949307 -1585526373 -1178366940],
   :id :p307-368-491-458-153,
   :stdev 0.005}
  {:seeds [-252838949 1666871400 1954652951 -712385319 -710623937],
   :id :p291-431-499-16-154,
   :stdev 0.005}
  {:seeds [-252838949 1666871400 -408620510 -1997710654 -1158533561],
   :id :p291-431-297-157-155,
   :stdev 0.005}
  {:seeds [-252838949 1666871400 -832359100 -1631919843 -1449525047],
   :id :p291-431-410-396-156,
   :stdev 0.005}
  {:seeds [-803715203 -111727936 1066949307 -1905163947 8515421],
   :id :p307-368-491-205-157,
   :stdev 0.005}
  {:seeds [-252838949 1666871400 -832359100 1345851895 -1141198875],
   :id :p291-431-410-338-158,
   :stdev 0.005}
  {:seeds [-803715203 -111727936 1066949307 -766480831 -893716461],
   :id :p307-368-491-14-159,
   :stdev 0.005}
  {:seeds [-803715203 -111727936 1066949307 1606234302 1870539020],
   :id :p307-368-491-56-160,
   :stdev 0.005}
  {:seeds [-803715203 -111727936 1066949307 -124277656 1032739477],
   :id :p307-368-491-483-161,
   :stdev 0.005}
  {:seeds [-803715203 -111727936 1066949307 -2133022989 -442312639],
   :id :p307-368-491-163-162,
   :stdev 0.005}
  {:seeds [-803715203 -111727936 1066949307 -569087113 1977842788],
   :id :p307-368-491-326-163,
   :stdev 0.005}
  {:seeds [-803715203 -111727936 1066949307 2010840524 53251653],
   :id :p307-368-491-405-164,
   :stdev 0.005}
  {:seeds [-803715203 -111727936 1066949307 -360172307 -1178160445],
   :id :p307-368-491-465-165,
   :stdev 0.005}
  {:seeds [-252838949 1666871400 -983893570 -1048355467 146436780],
   :id :p291-431-75-215-166,
   :stdev 0.005}
  {:seeds [-252838949 1666871400 -832359100 1105481363 -640695412],
   :id :p291-431-410-276-167,
   :stdev 0.005}
  {:seeds [-803715203 -111727936 1066949307 1400831132 2054681325],
   :id :p307-368-491-453-168,
   :stdev 0.005}
  {:seeds [-803715203 -111727936 1066949307 -127735635 -1690237585],
   :id :p307-368-491-469-169,
   :stdev 0.005}
  {:seeds [-252838949 1666871400 1954652951 -1637707478 471957722],
   :id :p291-431-499-357-170,
   :stdev 0.005}
  {:seeds [-803715203 -111727936 1066949307 -954510805 1492788716],
   :id :p307-368-491-8-171,
   :stdev 0.005}
  {:seeds [-803715203 -111727936 1066949307 743228981 618888496],
   :id :p307-368-491-232-172,
   :stdev 0.005}
  {:seeds [-803715203 -111727936 1066949307 -2114127529 -846006140],
   :id :p307-368-491-167-173,
   :stdev 0.005}
  {:seeds [-252838949 1666871400 -983893570 1008698458 1540218648],
   :id :p291-431-75-114-174,
   :stdev 0.005}
  {:seeds [-252838949 1666871400 -408620510 -1997710654 -1440845327],
   :id :p291-431-297-157-175,
   :stdev 0.005}
  {:seeds [-803715203 -111727936 1066949307 -1556015114 1510676431],
   :id :p307-368-491-297-176,
   :stdev 0.005}
  {:seeds [-252838949 1666871400 -408620510 866187147 -1249909910],
   :id :p291-431-297-475-177,
   :stdev 0.005}
  {:seeds [-252838949 1666871400 -832359100 452942999 -1427904044],
   :id :p291-431-410-176-178,
   :stdev 0.005}
  {:seeds [-803715203 -111727936 1066949307 1913631429 -820183743],
   :id :p307-368-491-216-179,
   :stdev 0.005}
  {:seeds [-803715203 -111727936 1066949307 -709145365 -1917420217],
   :id :p307-368-491-187-180,
   :stdev 0.005}
  {:seeds [-803715203 -111727936 1066949307 1090277008 1447486804],
   :id :p307-368-491-463-181,
   :stdev 0.005}
  {:seeds [-803715203 -111727936 1066949307 245024406 192247650],
   :id :p307-368-491-318-182,
   :stdev 0.005}
  {:seeds [-803715203 -111727936 1066949307 383237490 -564062928],
   :id :p307-368-491-269-183,
   :stdev 0.005}
  {:seeds [-803715203 -111727936 -1376257110 1110487425 1550799155],
   :id :p307-368-420-446-184,
   :stdev 0.005}
  {:seeds [-803715203 -111727936 1066949307 -1372450742 -1467249450],
   :id :p307-368-491-441-185,
   :stdev 0.005}
  {:seeds [-252838949 1666871400 -983893570 495662950 2056268285],
   :id :p291-431-75-386-186,
   :stdev 0.005}
  {:seeds [-803715203 -111727936 1066949307 524381499 -1504083336],
   :id :p307-368-491-331-187,
   :stdev 0.005}
  {:seeds [-803715203 -111727936 1066949307 144929198 -300618770],
   :id :p307-368-491-182-188,
   :stdev 0.005}
  {:seeds [-803715203 -111727936 1066949307 -1000178206 1332274361],
   :id :p307-368-491-39-189,
   :stdev 0.005}
  {:seeds [-803715203 -111727936 1066949307 -1585526373 -766484981],
   :id :p307-368-491-458-190,
   :stdev 0.005}
  {:seeds [-803715203 -111727936 1066949307 426409744 -1874258903],
   :id :p307-368-491-99-191,
   :stdev 0.005}
  {:seeds [-803715203 -111727936 1066949307 1667971239 -1771127684],
   :id :p307-368-491-424-192,
   :stdev 0.005}
  {:seeds [-252838949 1666871400 -832359100 188598547 1894251026],
   :id :p291-431-410-417-193,
   :stdev 0.005}
  {:seeds [-803715203 -111727936 1066949307 -362948039 1665022116],
   :id :p307-368-491-230-194,
   :stdev 0.005}
  {:seeds [-803715203 -111727936 1066949307 -569087113 1637901790],
   :id :p307-368-491-326-195,
   :stdev 0.005}
  {:seeds [-803715203 -111727936 1066949307 -1086317584 -1603771222],
   :id :p307-368-491-497-196,
   :stdev 0.005}
  {:seeds [-803715203 -111727936 -1376257110 -2125696739 1762668433],
   :id :p307-368-420-129-197,
   :stdev 0.005}
  {:seeds [-803715203 -111727936 1066949307 -831755927 -2037474731],
   :id :p307-368-491-454-198,
   :stdev 0.005}
  {:seeds [-803715203 -111727936 1066949307 -1820134087 -1603185359],
   :id :p307-368-491-347-199,
   :stdev 0.005}
  {:seeds [-803715203 -111727936 1066949307 374249114 -1380912269],
   :id :p307-368-491-43-200,
   :stdev 0.005}
  {:seeds [-803715203 -111727936 1066949307 1976999988 458813974],
   :id :p307-368-491-86-201,
   :stdev 0.005}
  {:seeds [-803715203 -111727936 1066949307 -783280232 1144650272],
   :id :p307-368-491-391-202,
   :stdev 0.005}
  {:seeds [-803715203 -111727936 1066949307 -1597565372 866114160],
   :id :p307-368-491-2-203,
   :stdev 0.005}
  {:seeds [-803715203 -111727936 1066949307 1326292489 -1406606940],
   :id :p307-368-491-456-204,
   :stdev 0.005}
  {:seeds [-803715203 -111727936 1066949307 -1404859777 1655284361],
   :id :p307-368-491-82-205,
   :stdev 0.005}
  {:seeds [-252838949 1666871400 -832359100 1606975913 1450667207],
   :id :p291-431-410-210-206,
   :stdev 0.005}
  {:seeds [-803715203 -111727936 1066949307 -569087113 293288080],
   :id :p307-368-491-326-207,
   :stdev 0.005}
  {:seeds [-803715203 -111727936 1066949307 1532733359 -1692355389],
   :id :p307-368-491-337-208,
   :stdev 0.005}
  {:seeds [-803715203 -111727936 1066949307 -79247055 898484458],
   :id :p307-368-491-184-209,
   :stdev 0.005}
  {:seeds [-803715203 -111727936 -1376257110 -932439737 -397779895],
   :id :p307-368-420-376-210,
   :stdev 0.005}
  {:seeds [-803715203 -111727936 1066949307 473495909 1520810081],
   :id :p307-368-491-284-211,
   :stdev 0.005}
  {:seeds [-803715203 -111727936 1066949307 -2035815486 -568038355],
   :id :p307-368-491-324-212,
   :stdev 0.005}
  {:seeds [-803715203 -111727936 1066949307 -2035815486 -2146376538],
   :id :p307-368-491-324-213,
   :stdev 0.005}
  {:seeds [-803715203 -111727936 -1376257110 1110487425 -1162497108],
   :id :p307-368-420-446-214,
   :stdev 0.005}
  {:seeds [-803715203 -111727936 1066949307 -627026815 2061525763],
   :id :p307-368-491-32-215,
   :stdev 0.005}
  {:seeds [-803715203 -111727936 1066949307 -1337760158 -1204937603],
   :id :p307-368-491-153-216,
   :stdev 0.005}
  {:seeds [-803715203 -111727936 1066949307 -703359638 135687725],
   :id :p307-368-491-466-217,
   :stdev 0.005}
  {:seeds [-803715203 -111727936 1066949307 329380999 1007649533],
   :id :p307-368-491-489-218,
   :stdev 0.005}
  {:seeds [-803715203 -111727936 1066949307 1846709632 -390893672],
   :id :p307-368-491-300-219,
   :stdev 0.005}
  {:seeds [-252838949 1666871400 1954652951 875038659 1927044404],
   :id :p291-431-499-52-220,
   :stdev 0.005}
  {:seeds [-803715203 -111727936 1066949307 1846709632 1362615744],
   :id :p307-368-491-300-221,
   :stdev 0.005}
  {:seeds [-803715203 -111727936 1066949307 -838563384 723279765],
   :id :p307-368-491-431-222,
   :stdev 0.005}
  {:seeds [-803715203 -111727936 1066949307 1811962615 -415016902],
   :id :p307-368-491-303-223,
   :stdev 0.005}
  {:seeds [-803715203 -111727936 1066949307 -1553691176 1072655510],
   :id :p307-368-491-264-224,
   :stdev 0.005}
  {:seeds [-803715203 -111727936 1066949307 485034642 -612643953],
   :id :p307-368-491-451-225,
   :stdev 0.005}
  {:seeds [-803715203 -111727936 1066949307 485034642 -1135999843],
   :id :p307-368-491-451-226,
   :stdev 0.005}
  {:seeds [-803715203 -111727936 1066949307 545501237 2116930095],
   :id :p307-368-491-473-227,
   :stdev 0.005}
  {:seeds [-252838949 1666871400 -408620510 -166235724 -904253998],
   :id :p291-431-297-42-228,
   :stdev 0.005}
  {:seeds [-803715203 -111727936 1066949307 -333979426 299269378],
   :id :p307-368-491-443-229,
   :stdev 0.005}
  {:seeds [-803715203 -111727936 1066949307 -952394387 -959121453],
   :id :p307-368-491-366-230,
   :stdev 0.005}
  {:seeds [-252838949 1666871400 -408620510 -1979909496 1632167259],
   :id :p291-431-297-374-231,
   :stdev 0.005}
  {:seeds [-803715203 -111727936 1066949307 -1176854706 -882743963],
   :id :p307-368-491-100-232,
   :stdev 0.005}
  {:seeds [-803715203 -111727936 1066949307 156690314 731214678],
   :id :p307-368-491-143-233,
   :stdev 0.005}
  {:seeds [-252838949 1666871400 -408620510 100590030 706557581],
   :id :p291-431-297-165-234,
   :stdev 0.005}
  {:seeds [-252838949 1666871400 -983893570 -207543027 550665973],
   :id :p291-431-75-336-235,
   :stdev 0.005}
  {:seeds [-803715203 -111727936 1066949307 1326292489 -1658988609],
   :id :p307-368-491-456-236,
   :stdev 0.005}
  {:seeds [-803715203 -111727936 1066949307 1070147581 1541197676],
   :id :p307-368-491-421-237,
   :stdev 0.005}
  {:seeds [-803715203 -111727936 1066949307 473495909 -1926615298],
   :id :p307-368-491-284-238,
   :stdev 0.005}
  {:seeds [-803715203 -111727936 1066949307 -1331835687 155474813],
   :id :p307-368-491-248-239,
   :stdev 0.005}
  {:seeds [-803715203 -111727936 1066949307 1606234302 911224357],
   :id :p307-368-491-56-240,
   :stdev 0.005}
  {:seeds [-803715203 -111727936 1066949307 -789816359 896966365],
   :id :p307-368-491-68-241,
   :stdev 0.005}
  {:seeds [-252838949 1666871400 -408620510 291695414 -2086762057],
   :id :p291-431-297-87-242,
   :stdev 0.005}
  {:seeds [-803715203 -111727936 -1376257110 -2125696739 601723885],
   :id :p307-368-420-129-243,
   :stdev 0.005}
  {:seeds [-803715203 -111727936 1066949307 930533264 990365145],
   :id :p307-368-491-98-244,
   :stdev 0.005}
  {:seeds [-803715203 -111727936 1066949307 -156268330 -996055471],
   :id :p307-368-491-105-245,
   :stdev 0.005}
  {:seeds [-803715203 -111727936 1066949307 1589405312 2019592048],
   :id :p307-368-491-472-246,
   :stdev 0.005}
  {:seeds [-252838949 1666871400 1954652951 1783103946 -851404242],
   :id :p291-431-499-256-247,
   :stdev 0.005}
  {:seeds [-252838949 1666871400 -832359100 1231228294 -929706631],
   :id :p291-431-410-343-248,
   :stdev 0.005}
  {:seeds [-803715203 -111727936 1066949307 -735780201 -1114866415],
   :id :p307-368-491-488-249,
   :stdev 0.005}
  {:seeds [-803715203 -111727936 -1376257110 -257980135 -146540791],
   :id :p307-368-420-372-250,
   :stdev 0.005}
  {:seeds [-252838949 1666871400 1954652951 -1637707478 159944909],
   :id :p291-431-499-357-251,
   :stdev 0.005}
  {:seeds [-803715203 -111727936 1066949307 1667971239 1633703076],
   :id :p307-368-491-424-252,
   :stdev 0.005}
  {:seeds [-803715203 -111727936 1066949307 1565394763 1107693017],
   :id :p307-368-491-51-253,
   :stdev 0.005}
  {:seeds [-803715203 -111727936 -1376257110 -1414719063 -934344757],
   :id :p307-368-420-76-254,
   :stdev 0.005}
  {:seeds [-803715203 -111727936 1066949307 -333979426 -1003492882],
   :id :p307-368-491-443-255,
   :stdev 0.005}
  {:seeds [-803715203 -111727936 1066949307 1586711222 1976775139],
   :id :p307-368-491-193-256,
   :stdev 0.005}
  {:seeds [-803715203 -111727936 1066949307 546235395 1153945842],
   :id :p307-368-491-59-257,
   :stdev 0.005}
  {:seeds [-803715203 -111727936 1066949307 -1993941369 151223282],
   :id :p307-368-491-445-258,
   :stdev 0.005}
  {:seeds [-803715203 -111727936 -1376257110 178085292 1632469376],
   :id :p307-368-420-122-259,
   :stdev 0.005}
  {:seeds [-803715203 -111727936 1066949307 1072081853 1625219781],
   :id :p307-368-491-159-260,
   :stdev 0.005}
  {:seeds [-252838949 1666871400 -832359100 163176729 -502475904],
   :id :p291-431-410-452-261,
   :stdev 0.005}
  {:seeds [-803715203 -111727936 1066949307 329380999 246021999],
   :id :p307-368-491-489-262,
   :stdev 0.005}
  {:seeds [-252838949 1666871400 -408620510 -1229586857 -1135827278],
   :id :p291-431-297-15-263,
   :stdev 0.005}
  {:seeds [-803715203 -111727936 1066949307 -255683574 -2084386229],
   :id :p307-368-491-67-264,
   :stdev 0.005}
  {:seeds [-252838949 1666871400 1954652951 1833232898 619438104],
   :id :p291-431-499-144-265,
   :stdev 0.005}
  {:seeds [-252838949 1666871400 -983893570 922745898 1748346601],
   :id :p291-431-75-125-266,
   :stdev 0.005}
  {:seeds [-803715203 -111727936 1066949307 396799334 -375928668],
   :id :p307-368-491-448-267,
   :stdev 0.005}
  {:seeds [-803715203 -111727936 -1376257110 -624808072 1624404358],
   :id :p307-368-420-169-268,
   :stdev 0.005}
  {:seeds [-803715203 -111727936 1066949307 492530659 1956076693],
   :id :p307-368-491-490-269,
   :stdev 0.005}
  {:seeds [-803715203 -111727936 1066949307 -1004916550 456252165],
   :id :p307-368-491-299-270,
   :stdev 0.005}
  {:seeds [-803715203 -111727936 -1376257110 1110487425 -1007371679],
   :id :p307-368-420-446-271,
   :stdev 0.005}
  {:seeds [-803715203 -111727936 1066949307 -1868315531 -306467202],
   :id :p307-368-491-387-272,
   :stdev 0.005}
  {:seeds [-803715203 -111727936 1066949307 1297378663 895267116],
   :id :p307-368-491-471-273,
   :stdev 0.005}
  {:seeds [-803715203 -111727936 1066949307 -124277656 93139942],
   :id :p307-368-491-483-274,
   :stdev 0.005}
  {:seeds [-803715203 -111727936 -1376257110 -1828103492 -1496530419],
   :id :p307-368-420-206-275,
   :stdev 0.005}
  {:seeds [-252838949 1666871400 1954652951 451114732 -1110583978],
   :id :p291-431-499-84-276,
   :stdev 0.005}
  {:seeds [-803715203 -111727936 1066949307 1767983444 1145736380],
   :id :p307-368-491-37-277,
   :stdev 0.005}
  {:seeds [-803715203 -111727936 1066949307 -668000079 -1170732809],
   :id :p307-368-491-293-278,
   :stdev 0.005}
  {:seeds [-803715203 -111727936 1066949307 2010840524 1401546586],
   :id :p307-368-491-405-279,
   :stdev 0.005}
  {:seeds [-803715203 -111727936 1066949307 -1680829001 1780504493],
   :id :p307-368-491-340-280,
   :stdev 0.005}
  {:seeds [-803715203 -111727936 1066949307 -831755927 -1425630614],
   :id :p307-368-491-454-281,
   :stdev 0.005}
  {:seeds [-803715203 -111727936 1066949307 540677643 -793397017],
   :id :p307-368-491-267-282,
   :stdev 0.005}
  {:seeds [-803715203 -111727936 1066949307 642030073 886453568],
   :id :p307-368-491-328-283,
   :stdev 0.005}
  {:seeds [-252838949 1666871400 -983893570 1008698458 -1300662714],
   :id :p291-431-75-114-284,
   :stdev 0.005}
  {:seeds [-803715203 -111727936 1066949307 1282655862 -523207571],
   :id :p307-368-491-341-285,
   :stdev 0.005}
  {:seeds [-803715203 -111727936 1066949307 -1832813588 1412165109],
   :id :p307-368-491-35-286,
   :stdev 0.005}
  {:seeds [-252838949 1666871400 -983893570 -829975051 1176560365],
   :id :p291-431-75-263-287,
   :stdev 0.005}
  {:seeds [-803715203 -111727936 1066949307 1746361064 213641450],
   :id :p307-368-491-120-288,
   :stdev 0.005}
  {:seeds [-803715203 -111727936 1066949307 736923906 -549904346],
   :id :p307-368-491-203-289,
   :stdev 0.005}
  {:seeds [-803715203 -111727936 1066949307 1430461112 627794541],
   :id :p307-368-491-25-290,
   :stdev 0.005}
  {:seeds [-803715203 -111727936 -1376257110 -1240755681 1402509305],
   :id :p307-368-420-21-291,
   :stdev 0.005}
  {:seeds [-803715203 -111727936 1066949307 -1331835687 -1280532340],
   :id :p307-368-491-248-292,
   :stdev 0.005}
  {:seeds [-252838949 1666871400 1954652951 308943387 1240645491],
   :id :p291-431-499-79-293,
   :stdev 0.005}
  {:seeds [-803715203 -111727936 1066949307 -2116831732 -517871247],
   :id :p307-368-491-320-294,
   :stdev 0.005}
  {:seeds [-252838949 1666871400 1954652951 -429922315 -32948259],
   :id :p291-431-499-214-295,
   :stdev 0.005}
  {:seeds [-252838949 1666871400 -832359100 188598547 525338542],
   :id :p291-431-410-417-296,
   :stdev 0.005}
  {:seeds [-803715203 -111727936 1066949307 -838563384 -1970330813],
   :id :p307-368-491-431-297,
   :stdev 0.005}
  {:seeds [-803715203 -111727936 1066949307 -124277656 1478344700],
   :id :p307-368-491-483-298,
   :stdev 0.005}
  {:seeds [-252838949 1666871400 -832359100 587774691 -1845550939],
   :id :p291-431-410-422-299,
   :stdev 0.005}
  {:seeds [-252838949 1666871400 -408620510 -1422568419 724591876],
   :id :p291-431-297-177-300,
   :stdev 0.005}
  {:seeds [-252838949 1666871400 -832359100 1172174764 -2142831763],
   :id :p291-431-410-402-301,
   :stdev 0.005}
  {:seeds [-803715203 -111727936 1066949307 473495909 1334209060],
   :id :p307-368-491-284-302,
   :stdev 0.005}
  {:seeds [-252838949 1666871400 1954652951 1075788579 -378001179],
   :id :p291-431-499-136-303,
   :stdev 0.005}
  {:seeds [-252838949 1666871400 -408620510 791432809 -271236010],
   :id :p291-431-297-277-304,
   :stdev 0.005}
  {:seeds [-803715203 -111727936 1066949307 -738333225 -901881923],
   :id :p307-368-491-363-305,
   :stdev 0.005}
  {:seeds [-803715203 -111727936 1066949307 642030073 40870046],
   :id :p307-368-491-328-306,
   :stdev 0.005}
  {:seeds [-803715203 -111727936 1066949307 -1822872115 109553897],
   :id :p307-368-491-126-307,
   :stdev 0.005}
  {:seeds [-803715203 -111727936 1066949307 -79247055 -2033317462],
   :id :p307-368-491-184-308,
   :stdev 0.005}
  {:seeds [-803715203 -111727936 1066949307 1667971239 -1654141360],
   :id :p307-368-491-424-309,
   :stdev 0.005}
  {:seeds [-803715203 -111727936 -1376257110 570654222 1903104647],
   :id :p307-368-420-375-310,
   :stdev 0.005}
  {:seeds [-803715203 -111727936 1066949307 1128248811 450882351],
   :id :p307-368-491-305-311,
   :stdev 0.005}
  {:seeds [-803715203 -111727936 1066949307 743228981 36704929],
   :id :p307-368-491-232-312,
   :stdev 0.005}
  {:seeds [-803715203 -111727936 1066949307 168738567 -144164063],
   :id :p307-368-491-437-313,
   :stdev 0.005}
  {:seeds [-252838949 1666871400 -832359100 -892632190 -1473904799],
   :id :p291-431-410-244-314,
   :stdev 0.005}
  {:seeds [-803715203 -111727936 1066949307 1990269615 930635801],
   :id :p307-368-491-294-315,
   :stdev 0.005}
  {:seeds [-803715203 -111727936 1066949307 1392810196 -477427167],
   :id :p307-368-491-395-316,
   :stdev 0.005}
  {:seeds [-252838949 1666871400 -983893570 -1450802593 452199651],
   :id :p291-431-75-285-317,
   :stdev 0.005}
  {:seeds [-803715203 -111727936 1066949307 240198547 -1069814437],
   :id :p307-368-491-36-318,
   :stdev 0.005}
  {:seeds [-803715203 -111727936 1066949307 1658345027 -809611042],
   :id :p307-368-491-251-319,
   :stdev 0.005}
  {:seeds [-803715203 -111727936 1066949307 440514926 1230787124],
   :id :p307-368-491-29-320,
   :stdev 0.005}
  {:seeds [-803715203 -111727936 1066949307 -739124459 -247078128],
   :id :p307-368-491-459-321,
   :stdev 0.005}
  {:seeds [-252838949 1666871400 1954652951 -910943178 223870932],
   :id :p291-431-499-181-322,
   :stdev 0.005}
  {:seeds [-803715203 -111727936 1066949307 -1142475092 -1339470399],
   :id :p307-368-491-1-323,
   :stdev 0.005}
  {:seeds [-803715203 -111727936 1066949307 757390732 -147544017],
   :id :p307-368-491-238-324,
   :stdev 0.005}
  {:seeds [-803715203 -111727936 1066949307 -1176854706 -590470847],
   :id :p307-368-491-100-325,
   :stdev 0.005}
  {:seeds [-803715203 -111727936 1066949307 -1760898302 -897928671],
   :id :p307-368-491-261-326,
   :stdev 0.005}
  {:seeds [-252838949 1666871400 1954652951 -919979934 -1880372346],
   :id :p291-431-499-335-327,
   :stdev 0.005}
  {:seeds [-252838949 1666871400 -983893570 -1133103791 -900634858],
   :id :p291-431-75-17-328,
   :stdev 0.005}
  {:seeds [-803715203 -111727936 1066949307 -1372450742 -62276672],
   :id :p307-368-491-441-329,
   :stdev 0.005}
  {:seeds [-803715203 -111727936 1066949307 -1471108522 519174798],
   :id :p307-368-491-434-330,
   :stdev 0.005}
  {:seeds [-252838949 1666871400 -832359100 1105481363 1141613600],
   :id :p291-431-410-276-331,
   :stdev 0.005}
  {:seeds [-803715203 -111727936 1066949307 -1585526373 1016925246],
   :id :p307-368-491-458-332,
   :stdev 0.005}
  {:seeds [-803715203 -111727936 1066949307 2067907000 -397004453],
   :id :p307-368-491-154-333,
   :stdev 0.005}
  {:seeds [-803715203 -111727936 1066949307 -1799235566 -331474525],
   :id :p307-368-491-45-334,
   :stdev 0.005}
  {:seeds [-803715203 -111727936 1066949307 -876185896 112553646],
   :id :p307-368-491-310-335,
   :stdev 0.005}
  {:seeds [-803715203 -111727936 1066949307 -630580121 1361109556],
   :id :p307-368-491-49-336,
   :stdev 0.005}
  {:seeds [-252838949 1666871400 1954652951 -2090075256 -1047519622],
   :id :p291-431-499-272-337,
   :stdev 0.005}
  {:seeds [-252838949 1666871400 -983893570 256894267 -1629644377],
   :id :p291-431-75-212-338,
   :stdev 0.005}
  {:seeds [-803715203 -111727936 -1376257110 -2125696739 -1420238168],
   :id :p307-368-420-129-339,
   :stdev 0.005}
  {:seeds [-803715203 -111727936 1066949307 109011063 -785648163],
   :id :p307-368-491-350-340,
   :stdev 0.005}
  {:seeds [-803715203 -111727936 -1376257110 -1240755681 1872229748],
   :id :p307-368-420-21-341,
   :stdev 0.005}
  {:seeds [-803715203 -111727936 -1376257110 1313523624 106644073],
   :id :p307-368-420-221-342,
   :stdev 0.005}
  {:seeds [-803715203 -111727936 1066949307 -1014156344 -699680171],
   :id :p307-368-491-10-343,
   :stdev 0.005}
  {:seeds [-803715203 -111727936 1066949307 -2137944411 -1357792802],
   :id :p307-368-491-200-344,
   :stdev 0.005}
  {:seeds [-803715203 -111727936 1066949307 959830283 1262053405],
   :id :p307-368-491-274-345,
   :stdev 0.005}
  {:seeds [-803715203 -111727936 1066949307 643687772 -580844227],
   :id :p307-368-491-265-346,
   :stdev 0.005}
  {:seeds [-252838949 1666871400 -408620510 -1440466997 -124532608],
   :id :p291-431-297-53-347,
   :stdev 0.005}
  {:seeds [-252838949 1666871400 -408620510 -1596268675 -458949571],
   :id :p291-431-297-345-348,
   :stdev 0.005}
  {:seeds [-803715203 -111727936 1066949307 1532733359 -56142173],
   :id :p307-368-491-337-349,
   :stdev 0.005}
  {:seeds [-803715203 -111727936 1066949307 540677643 1161766213],
   :id :p307-368-491-267-350,
   :stdev 0.005}
  {:seeds [-803715203 -111727936 -1376257110 -624808072 1833973098],
   :id :p307-368-420-169-351,
   :stdev 0.005}
  {:seeds [-803715203 -111727936 -1376257110 1046836789 1320817224],
   :id :p307-368-420-9-352,
   :stdev 0.005}
  {:seeds [-252838949 1666871400 -408620510 -586502488 327636890],
   :id :p291-431-297-115-353,
   :stdev 0.005}
  {:seeds [-803715203 -111727936 1066949307 1048477839 -1450762255],
   :id :p307-368-491-146-354,
   :stdev 0.005}
  {:seeds [-803715203 -111727936 -1376257110 1750731785 1631917826],
   :id :p307-368-420-385-355,
   :stdev 0.005}
  {:seeds [-803715203 -111727936 1066949307 1531814373 373644981],
   :id :p307-368-491-482-356,
   :stdev 0.005}
  {:seeds [-803715203 -111727936 1066949307 507056382 379923796],
   :id :p307-368-491-81-357,
   :stdev 0.005}
  {:seeds [-803715203 -111727936 1066949307 -127735635 -1404167736],
   :id :p307-368-491-469-358,
   :stdev 0.005}
  {:seeds [-252838949 1666871400 -983893570 -792069371 1435228243],
   :id :p291-431-75-460-359,
   :stdev 0.005}
  {:seeds [-803715203 -111727936 1066949307 -1337760158 -916875766],
   :id :p307-368-491-153-360,
   :stdev 0.005}
  {:seeds [-803715203 -111727936 1066949307 473495909 1574419574],
   :id :p307-368-491-284-361,
   :stdev 0.005}
  {:seeds [-252838949 1666871400 -832359100 1885410122 1252184935],
   :id :p291-431-410-309-362,
   :stdev 0.005}
  {:seeds [-803715203 -111727936 1066949307 121787801 -140630979],
   :id :p307-368-491-208-363,
   :stdev 0.005}
  {:seeds [-803715203 -111727936 1066949307 546235395 -1667537601],
   :id :p307-368-491-59-364,
   :stdev 0.005}
  {:seeds [-803715203 -111727936 1066949307 -876185896 -1356441657],
   :id :p307-368-491-310-365,
   :stdev 0.005}
  {:seeds [-803715203 -111727936 1066949307 -1957675238 117402314],
   :id :p307-368-491-287-366,
   :stdev 0.005}
  {:seeds [-803715203 -111727936 1066949307 -1553691176 -1978120345],
   :id :p307-368-491-264-367,
   :stdev 0.005}
  {:seeds [-252838949 1666871400 -983893570 -1450802593 -1896456543],
   :id :p291-431-75-285-368,
   :stdev 0.005}
  {:seeds [-252838949 1666871400 1954652951 -1592738706 433485131],
   :id :p291-431-499-148-369,
   :stdev 0.005}
  {:seeds [-252838949 1666871400 -983893570 -1619332981 -985699126],
   :id :p291-431-75-13-370,
   :stdev 0.005}
  {:seeds [-252838949 1666871400 -832359100 -1614762822 1038826868],
   :id :p291-431-410-5-371,
   :stdev 0.005}
  {:seeds [-803715203 -111727936 1066949307 1400831132 -1615245064],
   :id :p307-368-491-453-372,
   :stdev 0.005}
  {:seeds [-252838949 1666871400 -408620510 -1440466997 66527376],
   :id :p291-431-297-53-373,
   :stdev 0.005}
  {:seeds [-803715203 -111727936 1066949307 -709145365 354876134],
   :id :p307-368-491-187-374,
   :stdev 0.005}
  {:seeds [-252838949 1666871400 1954652951 875038659 579198324],
   :id :p291-431-499-52-375,
   :stdev 0.005}
  {:seeds [-252838949 1666871400 -832359100 -1631919843 -1593938708],
   :id :p291-431-410-396-376,
   :stdev 0.005}
  {:seeds [-803715203 -111727936 1066949307 941115771 -2105491898],
   :id :p307-368-491-449-377,
   :stdev 0.005}
  {:seeds [-803715203 -111727936 1066949307 1554349156 -435156667],
   :id :p307-368-491-155-378,
   :stdev 0.005}
  {:seeds [-803715203 -111727936 1066949307 6461531 -268445284],
   :id :p307-368-491-11-379,
   :stdev 0.005}
  {:seeds [-803715203 -111727936 1066949307 2067907000 -1079649116],
   :id :p307-368-491-154-380,
   :stdev 0.005}
  {:seeds [-803715203 -111727936 1066949307 -359459816 1718940949],
   :id :p307-368-491-308-381,
   :stdev 0.005}
  {:seeds [-252838949 1666871400 -832359100 1666268068 1142880507],
   :id :p291-431-410-344-382,
   :stdev 0.005}
  {:seeds [-803715203 -111727936 1066949307 914154631 130582074],
   :id :p307-368-491-127-383,
   :stdev 0.005}
  {:seeds [-803715203 -111727936 -1376257110 -1403054737 -714100305],
   :id :p307-368-420-3-384,
   :stdev 0.005}
  {:seeds [-803715203 -111727936 1066949307 643687772 -2083270741],
   :id :p307-368-491-265-385,
   :stdev 0.005}
  {:seeds [-803715203 -111727936 -1376257110 -132646797 -1917840757],
   :id :p307-368-420-55-386,
   :stdev 0.005}
  {:seeds [-803715203 -111727936 -1376257110 -624808072 -100230174],
   :id :p307-368-420-169-387,
   :stdev 0.005}
  {:seeds [-803715203 -111727936 1066949307 1673207091 1529629991],
   :id :p307-368-491-121-388,
   :stdev 0.005}
  {:seeds [-803715203 -111727936 -1376257110 705690314 -2030539757],
   :id :p307-368-420-462-389,
   :stdev 0.005}
  {:seeds [-803715203 -111727936 1066949307 914154631 180593836],
   :id :p307-368-491-127-390,
   :stdev 0.005}
  {:seeds [-252838949 1666871400 -408620510 55158872 1995794669],
   :id :p291-431-297-46-391,
   :stdev 0.005}
  {:seeds [-803715203 -111727936 1066949307 396799334 382248467],
   :id :p307-368-491-448-392,
   :stdev 0.005}
  {:seeds [-803715203 -111727936 1066949307 -360172307 -1287599027],
   :id :p307-368-491-465-393,
   :stdev 0.005}
  {:seeds [-803715203 -111727936 1066949307 -668000079 -2142844080],
   :id :p307-368-491-293-394,
   :stdev 0.005}
  {:seeds [-252838949 1666871400 -408620510 -1422568419 1465853475],
   :id :p291-431-297-177-395,
   :stdev 0.005}
  {:seeds [-803715203 -111727936 1066949307 -359459816 -848424435],
   :id :p307-368-491-308-396,
   :stdev 0.005}
  {:seeds [-803715203 -111727936 1066949307 -1476872121 2013895706],
   :id :p307-368-491-156-397,
   :stdev 0.005}
  {:seeds [-252838949 1666871400 1954652951 -712385319 175317729],
   :id :p291-431-499-16-398,
   :stdev 0.005}
  {:seeds [-803715203 -111727936 1066949307 -789816359 -853843273],
   :id :p307-368-491-68-399,
   :stdev 0.005}
  {:seeds [-803715203 -111727936 1066949307 -830129221 -1690078172],
   :id :p307-368-491-151-400,
   :stdev 0.005}
  {:seeds [-803715203 -111727936 1066949307 501431971 1346371606],
   :id :p307-368-491-279-401,
   :stdev 0.005}
  {:seeds [-252838949 1666871400 -408620510 -1997710654 -1939870771],
   :id :p291-431-297-157-402,
   :stdev 0.005}
  {:seeds [-803715203 -111727936 1066949307 -1868315531 2138291059],
   :id :p307-368-491-387-403,
   :stdev 0.005}
  {:seeds [-252838949 1666871400 -983893570 -515614259 -2099775997],
   :id :p291-431-75-432-404,
   :stdev 0.005}
  {:seeds [-252838949 1666871400 1954652951 782094300 -1705459188],
   :id :p291-431-499-295-405,
   :stdev 0.005}
  {:seeds [-803715203 -111727936 1066949307 -460868281 1803772484],
   :id :p307-368-491-48-406,
   :stdev 0.005}
  {:seeds [-803715203 -111727936 1066949307 1297378663 1992315187],
   :id :p307-368-491-471-407,
   :stdev 0.005}
  {:seeds [-252838949 1666871400 -408620510 528703313 471707474],
   :id :p291-431-297-416-408,
   :stdev 0.005}
  {:seeds [-252838949 1666871400 -832359100 163176729 1402826373],
   :id :p291-431-410-452-409,
   :stdev 0.005}
  {:seeds [-803715203 -111727936 1066949307 540677643 881544768],
   :id :p307-368-491-267-410,
   :stdev 0.005}
  {:seeds [-803715203 -111727936 1066949307 -2049255713 431010455],
   :id :p307-368-491-104-411,
   :stdev 0.005}
  {:seeds [-803715203 -111727936 -1376257110 1452314033 2019352411],
   :id :p307-368-420-134-412,
   :stdev 0.005}
  {:seeds [-803715203 -111727936 1066949307 -219254573 129316770],
   :id :p307-368-491-173-413,
   :stdev 0.005}
  {:seeds [-803715203 -111727936 -1376257110 -1704723912 -2015359035],
   :id :p307-368-420-225-414,
   :stdev 0.005}
  {:seeds [-803715203 -111727936 -1376257110 570654222 -456315661],
   :id :p307-368-420-375-415,
   :stdev 0.005}
  {:seeds [-803715203 -111727936 1066949307 -23202558 -1410425616],
   :id :p307-368-491-168-416,
   :stdev 0.005}
  {:seeds [-252838949 1666871400 -983893570 -1048355467 223916331],
   :id :p291-431-75-215-417,
   :stdev 0.005}
  {:seeds [-803715203 -111727936 1066949307 -333979426 664120169],
   :id :p307-368-491-443-418,
   :stdev 0.005}
  {:seeds [-803715203 -111727936 1066949307 -735780201 -318261110],
   :id :p307-368-491-488-419,
   :stdev 0.005}
  {:seeds [-803715203 -111727936 1066949307 -130776891 1914183820],
   :id :p307-368-491-496-420,
   :stdev 0.005}
  {:seeds [-803715203 -111727936 1066949307 704300292 -528696857],
   :id :p307-368-491-389-421,
   :stdev 0.005}
  {:seeds [-803715203 -111727936 1066949307 458214133 -624780521],
   :id :p307-368-491-377-422,
   :stdev 0.005}
  {:seeds [-803715203 -111727936 1066949307 -1822872115 401798140],
   :id :p307-368-491-126-423,
   :stdev 0.005}
  {:seeds [-803715203 -111727936 1066949307 1322789744 -380760904],
   :id :p307-368-491-74-424,
   :stdev 0.005}
  {:seeds [-803715203 -111727936 1066949307 -1842707018 842147373],
   :id :p307-368-491-119-425,
   :stdev 0.005}
  {:seeds [-803715203 -111727936 -1376257110 -1828103492 -1150523633],
   :id :p307-368-420-206-426,
   :stdev 0.005}
  {:seeds [-252838949 1666871400 -983893570 1008698458 1655235324],
   :id :p291-431-75-114-427,
   :stdev 0.005}
  {:seeds [-252838949 1666871400 -408620510 -984773351 -122070864],
   :id :p291-431-297-254-428,
   :stdev 0.005}
  {:seeds [-803715203 -111727936 1066949307 -978882450 339541947],
   :id :p307-368-491-271-429,
   :stdev 0.005}
  {:seeds [-252838949 1666871400 -983893570 -1619332981 1488341808],
   :id :p291-431-75-13-430,
   :stdev 0.005}
  {:seeds [-803715203 -111727936 1066949307 1746361064 -1429052347],
   :id :p307-368-491-120-431,
   :stdev 0.005}
  {:seeds [-803715203 -111727936 1066949307 -269105948 -246562490],
   :id :p307-368-491-135-432,
   :stdev 0.005}
  {:seeds [-252838949 1666871400 -983893570 -1048355467 -2092994875],
   :id :p291-431-75-215-433,
   :stdev 0.005}
  {:seeds [-803715203 -111727936 1066949307 919167070 1325296761],
   :id :p307-368-491-211-434,
   :stdev 0.005}
  {:seeds [-803715203 -111727936 1066949307 -766480831 2128319182],
   :id :p307-368-491-14-435,
   :stdev 0.005}
  {:seeds [-803715203 -111727936 -1376257110 1673707154 -144972795],
   :id :p307-368-420-333-436,
   :stdev 0.005}
  {:seeds [-803715203 -111727936 1066949307 -386797958 -612261807],
   :id :p307-368-491-199-437,
   :stdev 0.005}
  {:seeds [-252838949 1666871400 -832359100 -1097264208 -950377779],
   :id :p291-431-410-64-438,
   :stdev 0.005}
  {:seeds [-252838949 1666871400 -408620510 -1997710654 1114670652],
   :id :p291-431-297-157-439,
   :stdev 0.005}
  {:seeds [-803715203 -111727936 1066949307 -1984375383 -1551406952],
   :id :p307-368-491-390-440,
   :stdev 0.005}
  {:seeds [-803715203 -111727936 1066949307 1299044812 1797340609],
   :id :p307-368-491-117-441,
   :stdev 0.005}
  {:seeds [-252838949 1666871400 -983893570 -342828741 -273933578],
   :id :p291-431-75-204-442,
   :stdev 0.005}
  {:seeds [-803715203 -111727936 1066949307 1531814373 -434035049],
   :id :p307-368-491-482-443,
   :stdev 0.005}
  {:seeds [-803715203 -111727936 1066949307 -269105948 -1515463571],
   :id :p307-368-491-135-444,
   :stdev 0.005}
  {:seeds [-803715203 -111727936 1066949307 -1187558319 503859633],
   :id :p307-368-491-498-445,
   :stdev 0.005}
  {:seeds [-803715203 -111727936 -1376257110 -2125696739 1754551531],
   :id :p307-368-420-129-446,
   :stdev 0.005}
  {:seeds [-803715203 -111727936 1066949307 1282655862 -205387968],
   :id :p307-368-491-341-447,
   :stdev 0.005}
  {:seeds [-803715203 -111727936 -1376257110 -1414719063 2143364245],
   :id :p307-368-420-76-448,
   :stdev 0.005}
  {:seeds [-803715203 -111727936 1066949307 -735780201 95712770],
   :id :p307-368-491-488-449,
   :stdev 0.005}
  {:seeds [-252838949 1666871400 1954652951 1687387648 -552058283],
   :id :p291-431-499-239-450,
   :stdev 0.005}
  {:seeds [-803715203 -111727936 1066949307 524381499 1611365666],
   :id :p307-368-491-331-451,
   :stdev 0.005}
  {:seeds [-803715203 -111727936 -1376257110 -932439737 1148889581],
   :id :p307-368-420-376-452,
   :stdev 0.005}
  {:seeds [-803715203 -111727936 1066949307 -359459816 1842693943],
   :id :p307-368-491-308-453,
   :stdev 0.005}
  {:seeds [-803715203 -111727936 1066949307 865672229 1361316175],
   :id :p307-368-491-393-454,
   :stdev 0.005}
  {:seeds [-252838949 1666871400 -408620510 -1030340823 2086102056],
   :id :p291-431-297-160-455,
   :stdev 0.005}
  {:seeds [-252838949 1666871400 1954652951 1083511787 -1553292414],
   :id :p291-431-499-394-456,
   :stdev 0.005}
  {:seeds [-803715203 -111727936 1066949307 -1881647025 140024063],
   :id :p307-368-491-260-457,
   :stdev 0.005}
  {:seeds [-252838949 1666871400 -408620510 -1987647151 -1637077139],
   :id :p291-431-297-420-458,
   :stdev 0.005}
  {:seeds [-252838949 1666871400 -408620510 -675888737 1282492398],
   :id :p291-431-297-355-459,
   :stdev 0.005}
  {:seeds [-803715203 -111727936 1066949307 65280852 354755377],
   :id :p307-368-491-282-460,
   :stdev 0.005}
  {:seeds [-803715203 -111727936 1066949307 121787801 350378002],
   :id :p307-368-491-208-461,
   :stdev 0.005}
  {:seeds [-803715203 -111727936 1066949307 339877876 248262912],
   :id :p307-368-491-477-462,
   :stdev 0.005}
  {:seeds [-252838949 1666871400 1954652951 -129180166 594797498],
   :id :p291-431-499-141-463,
   :stdev 0.005}
  {:seeds [-803715203 -111727936 1066949307 1090277008 863291534],
   :id :p307-368-491-463-464,
   :stdev 0.005}
  {:seeds [-252838949 1666871400 -983893570 446378033 -366639808],
   :id :p291-431-75-240-465,
   :stdev 0.005}
  {:seeds [-803715203 -111727936 1066949307 919167070 -194983785],
   :id :p307-368-491-211-466,
   :stdev 0.005}
  {:seeds [-252838949 1666871400 -408620510 -1030340823 -1427493459],
   :id :p291-431-297-160-467,
   :stdev 0.005}
  {:seeds [-803715203 -111727936 1066949307 -2035815486 -563266041],
   :id :p307-368-491-324-468,
   :stdev 0.005}
  {:seeds [-803715203 -111727936 1066949307 579704409 -262023738],
   :id :p307-368-491-332-469,
   :stdev 0.005}
  {:seeds [-803715203 -111727936 1066949307 -360172307 -696210745],
   :id :p307-368-491-465-470,
   :stdev 0.005}
  {:seeds [-803715203 -111727936 1066949307 1120721737 -1206296267],
   :id :p307-368-491-481-471,
   :stdev 0.005}
  {:seeds [-252838949 1666871400 -832359100 -1238611228 -851057592],
   :id :p291-431-410-101-472,
   :stdev 0.005}
  {:seeds [-803715203 -111727936 -1376257110 1750731785 2091549923],
   :id :p307-368-420-385-473,
   :stdev 0.005}
  {:seeds [-803715203 -111727936 1066949307 -132737050 -73483729],
   :id :p307-368-491-404-474,
   :stdev 0.005}
  {:seeds [-803715203 -111727936 1066949307 -517718881 -1480803131],
   :id :p307-368-491-22-475,
   :stdev 0.005}
  {:seeds [-803715203 -111727936 1066949307 -1901056933 1135169503],
   :id :p307-368-491-161-476,
   :stdev 0.005}
  {:seeds [-803715203 -111727936 1066949307 488001076 2043685546],
   :id :p307-368-491-194-477,
   :stdev 0.005}
  {:seeds [-803715203 -111727936 -1376257110 178085292 1330444214],
   :id :p307-368-420-122-478,
   :stdev 0.005}
  {:seeds [-803715203 -111727936 1066949307 379981913 1741874888],
   :id :p307-368-491-428-479,
   :stdev 0.005}
  {:seeds [-803715203 -111727936 1066949307 -1881647025 1875672355],
   :id :p307-368-491-260-480,
   :stdev 0.005}
  {:seeds [-803715203 -111727936 1066949307 1282655862 -552555495],
   :id :p307-368-491-341-481,
   :stdev 0.005}
  {:seeds [-252838949 1666871400 -983893570 -1619332981 -1488473322],
   :id :p291-431-75-13-482,
   :stdev 0.005}
  {:seeds [-803715203 -111727936 1066949307 1070147581 480783826],
   :id :p307-368-491-421-483,
   :stdev 0.005}
  {:seeds [-803715203 -111727936 1066949307 -1476872121 761978450],
   :id :p307-368-491-156-484,
   :stdev 0.005}
  {:seeds [-803715203 -111727936 1066949307 -1585526373 1800247403],
   :id :p307-368-491-458-485,
   :stdev 0.005}
  {:seeds [-803715203 -111727936 1066949307 -1842707018 853852062],
   :id :p307-368-491-119-486,
   :stdev 0.005}
  {:seeds [-803715203 -111727936 1066949307 -1749985923 424155160],
   :id :p307-368-491-217-487,
   :stdev 0.005}
  {:seeds [-803715203 -111727936 1066949307 -1755663196 -1410160647],
   :id :p307-368-491-202-488,
   :stdev 0.005}
  {:seeds [-803715203 -111727936 1066949307 865672229 1455065002],
   :id :p307-368-491-393-489,
   :stdev 0.005}
  {:seeds [-803715203 -111727936 1066949307 -1331835687 1404743987],
   :id :p307-368-491-248-490,
   :stdev 0.005}
  {:seeds [-252838949 1666871400 -832359100 -1310157221 389281314],
   :id :p291-431-410-383-491,
   :stdev 0.005}
  {:seeds [-252838949 1666871400 -408620510 110176010 -2063663208],
   :id :p291-431-297-339-492,
   :stdev 0.005}
  {:seeds [-803715203 -111727936 1066949307 914154631 -503689593],
   :id :p307-368-491-127-493,
   :stdev 0.005}
  {:seeds [-803715203 -111727936 1066949307 383237490 1762682263],
   :id :p307-368-491-269-494,
   :stdev 0.005}
  {:seeds [-803715203 -111727936 1066949307 -517718881 -1931252546],
   :id :p307-368-491-22-495,
   :stdev 0.005}
  {:seeds [-803715203 -111727936 1066949307 1982201710 -772542331],
   :id :p307-368-491-288-496,
   :stdev 0.005}
  {:seeds [-252838949 1666871400 -408620510 -1422568419 565910381],
   :id :p291-431-297-177-497,
   :stdev 0.005}
  {:seeds [-252838949 1666871400 1954652951 -1846228401 -370844179],
   :id :p291-431-499-412-498,
   :stdev 0.005}
  {:seeds [-803715203 -111727936 1066949307 -1649019643 1097804343],
   :id :p307-368-491-253-499,
   :stdev 0.005}],
 :max-actions 4065.557333333333,
 :time-ms 1429490.19562}
